Summary of SPARK analysis
=========================

-------------------------------------------------------------------------------------------------------
SPARK Analysis results        Total       Flow   Interval   CodePeer     Provers   Justified   Unproved
-------------------------------------------------------------------------------------------------------
Data Dependencies                 .          .          .          .           .           .          .
Flow Dependencies                 .          .          .          .           .           .          .
Initialization                    4          4          .          .           .           .          .
Non-Aliasing                      .          .          .          .           .           .          .
Run-time Checks                   3          .          .          .    3 (CVC4)           .          .
Assertions                        .          .          .          .           .           .          .
Functional Contracts              1          .          .          .    1 (CVC4)           .          .
LSP Verification                  .          .          .          .           .           .          .
-------------------------------------------------------------------------------------------------------
Total                             8    4 (50%)          .          .     4 (50%)           .          .


Analyzed 2 units
in unit array_search, 2 subprograms and packages out of 2 analyzed
  Array_Search at array_search.ads:1 flow analyzed (0 errors, 0 checks and 0 warnings) and proved (0 checks)
  Array_Search.Search_Array at array_search.ads:12 flow analyzed (0 errors, 0 checks and 0 warnings) and proved (2 checks)
in unit main, 1 subprograms and packages out of 1 analyzed
  Main at main.adb:4 flow analyzed (0 errors, 0 checks and 0 warnings) and proved (2 checks)
