Summary of SPARK analysis
=========================

--------------------------------------------------------------------------------------------------------------------
SPARK Analysis results        Total        Flow   Interval   CodePeer                 Provers   Justified   Unproved
--------------------------------------------------------------------------------------------------------------------
Data Dependencies                 .           .          .          .                       .           .          .
Flow Dependencies                 .           .          .          .                       .           .          .
Initialization                   10          10          .          .                       .           .          .
Non-Aliasing                      .           .          .          .                       .           .          .
Run-time Checks                  37           .          .          .               37 (CVC4)           .          .
Assertions                        8           .          .          .    8 (CVC4 83%, Z3 17%)           .          .
Functional Contracts              7           .          .          .                7 (CVC4)           .          .
LSP Verification                  .           .          .          .                       .           .          .
--------------------------------------------------------------------------------------------------------------------
Total                            62    10 (16%)          .          .                52 (84%)           .          .


Analyzed 1 unit
in unit sorting, 5 subprograms and packages out of 5 analyzed
  Sorting at sorting.ads:1 flow analyzed (0 errors, 0 checks and 0 warnings) and proved (0 checks)
  Sorting.Max at sorting.ads:14 flow analyzed (0 errors, 0 checks and 0 warnings) and proved (9 checks)
  Sorting.Sort at sorting.ads:8 flow analyzed (0 errors, 0 checks and 0 warnings) and proved (29 checks)
  Sorting.Sorted at sorting.ads:4 flow analyzed (0 errors, 0 checks and 0 warnings) and proved (3 checks)
  Sorting.Swap at sorting.ads:23 flow analyzed (0 errors, 0 checks and 0 warnings) and proved (11 checks)
